1
0
1
ASSEMBLY
3
DUMMY
DUMMY
SHELLS-1
SHELLS-1
WATER-1
WATER-1
3
DUMMY
1
1 17777
-2147483647
SHELLS-1
161
2 1
3 2
4 3
5 4
6 5
7 6
8 7
9 8
10 9
11 10
12 11
13 12
14 13
15 14
16 15
17 16
18 17
19 18
20 19
21 20
22 21
23 22
24 23
25 24
26 25
27 26
28 27
29 28
30 29
31 30
32 31
33 32
34 33
35 34
36 35
37 36
38 37
39 38
40 39
41 40
42 41
43 42
44 43
45 44
46 45
47 46
48 47
49 48
50 49
51 50
52 51
53 52
54 53
55 54
56 55
57 56
58 57
59 58
60 59
61 60
62 61
63 62
64 63
65 64
66 65
67 66
68 67
69 68
70 69
71 70
72 71
73 72
74 73
75 74
76 75
77 76
78 77
79 78
80 79
81 80
82 81
83 82
84 83
85 84
86 85
87 86
88 87
89 88
90 89
91 90
92 91
93 92
94 93
95 94
96 95
97 96
98 97
99 98
100 99
101 100
102 101
103 102
104 103
105 104
106 105
107 106
108 107
109 108
110 109
111 110
112 111
113 112
114 113
115 114
116 115
117 116
118 117
119 118
120 119
121 120
122 121
123 122
124 123
125 124
126 125
127 126
128 127
129 128
130 129
131 130
132 131
133 132
134 133
135 134
136 135
137 136
138 137
139 138
140 139
141 140
142 141
143 142
144 143
145 144
146 145
147 146
148 147
149 148
150 149
151 150
152 151
153 152
154 153
155 154
156 155
157 156
158 157
159 158
160 159
161 160
162 161
-2147483647
WATER-1
14
-2147483646
0
48 1 16 5 0 1 0 -1 -1 3017 1 -1879048189 163 3017 
14
48 1 16 5 0 1 0 -1 -1 3017 1 -1879048189 1 3017 
0
3
DUMMY
1
1 1
-2147483647
SHELLS-1
80
2 1
3 2
4 3
5 4
6 5
7 6
8 7
9 8
10 9
11 10
12 11
13 12
14 13
15 14
16 15
17 16
18 17
19 18
20 19
21 20
22 21
23 22
24 23
25 24
26 25
27 26
28 27
29 28
30 29
31 30
32 31
33 32
34 33
35 34
36 35
37 36
38 37
39 38
40 39
41 40
42 41
43 42
44 43
45 44
46 45
47 46
48 47
49 48
50 49
51 50
52 51
53 52
54 53
55 54
56 55
57 56
58 57
59 58
60 59
61 60
62 61
63 62
64 63
65 64
66 65
67 66
68 67
69 68
70 69
71 70
72 71
73 72
74 73
75 74
76 75
77 76
78 77
79 78
80 79
81 80
-2147483647
WATER-1
17
-2147483646
0
60 1 16 8 0 1 0 -1 -1 1111 2 -1879048188 -1879048186 82 966 9974 145 
14
48 1 16 5 0 1 0 -1 -1 1111 1 -1879048189 1 1111 
0
8

0
2
0
3
DUMMY
1
1 
SHELLS-1
80
2 3 4 5 6 7 8 9 10 11 12 13 14 15 16 17 18 19 20 21 22 23 24 25 26 27 28 29 30 31 32 33 34 35 36 37 38 39 40 41 42 43 44 45 46 47 48 49 50 51 52 53 54 55 56 57 58 59 60 61 62 63 64 65 66 67 68 69 70 71 72 73 74 75 76 77 78 79 80 81 
WATER-1
14
-2147483647
48 1 16 5 0 1 0 -1 -1 966 1 -1879048189 82 966 
0
_SHELLS_INTERIOR_SNEG
0
2
0
1
SHELLS-1
80
2 3 4 5 6 7 8 9 10 11 12 13 14 15 16 17 18 19 20 21 22 23 24 25 26 27 28 29 30 31 32 33 34 35 36 37 38 39 40 41 42 43 44 45 46 47 48 49 50 51 52 53 54 55 56 57 58 59 60 61 62 63 64 65 66 67 68 69 70 71 72 73 74 75 76 77 78 79 80 81 
0
_WATER_EXTERIOR_S1
0
2
0
1
WATER-1
22
86 91 96 105 136 139 152 154 158 160 161 162 164 165 167 170 171 175 176 184 187 190 
0
_WATER_EXTERIOR_S1_1
0
2
0
1
WATER-1
22
86 91 96 105 136 139 152 154 158 160 161 162 164 165 167 170 171 175 176 184 187 190 
0
_WATER_EXTERIOR_S2
0
2
0
1
WATER-1
1
145 
0
_WATER_EXTERIOR_S2_1
0
2
0
1
WATER-1
1
145 
0
_WATER_EXTERIOR_S3
0
2
0
1
WATER-1
49
83 104 108 110 113 115 126 130 133 146 147 148 155 156 159 163 172 173 174 180 181 182 183 194 198 199 205 219 226 229 235 237 239 242 245 248 251 253 256 259 262 265 268 271 274 276 278 284 287 
0
_WATER_EXTERIOR_S3_1
0
2
0
1
WATER-1
49
83 104 108 110 113 115 126 130 133 146 147 148 155 156 159 163 172 173 174 180 181 182 183 194 198 199 205 219 226 229 235 237 239 242 245 248 251 253 256 259 262 265 268 271 274 276 278 284 287 
0
3
SHELLS-1
2
 P       2
0
2
80
2 3 4 5 6 7 8 9 10 11 12 13 14 15 16 17 18 19 20 21 22 23 24 25 26 27 28 29 30 31 32 33 34 35 36 37 38 39 40 41 42 43 44 45 46 47 48 49 50 51 52 53 54 55 56 57 58 59 60 61 62 63 64 65 66 67 68 69 70 71 72 73 74 75 76 77 78 79 80 81 
0
0
SHELLS
0
1
80
2 3 4 5 6 7 8 9 10 11 12 13 14 15 16 17 18 19 20 21 22 23 24 25 26 27 28 29 30 31 32 33 34 35 36 37 38 39 40 41 42 43 44 45 46 47 48 49 50 51 52 53 54 55 56 57 58 59 60 61 62 63 64 65 66 67 68 69 70 71 72 73 74 75 76 77 78 79 80 81 
0
0
0
DUMMY
2
 P       1
0
2
1
1 
0
0
_PICKEDSET4_INTERIA-1_MASS__
0
1
1
1 
0
0
0
WATER-1
2
 P       3
0
2
14
-2147483647
48 1 16 5 0 1 0 -1 -1 966 1 -1879048189 82 966 
0
0
WATER
0
1
14
-2147483647
48 1 16 5 0 1 0 -1 -1 966 1 -1879048189 82 966 
0
0
0
3

0
2
0
3
DUMMY
1
1 
SHELLS-1
161
2 3 4 5 6 7 8 9 10 11 12 13 14 15 16 17 18 19 20 21 22 23 24 25 26 27 28 29 30 31 32 33 34 35 36 37 38 39 40 41 42 43 44 45 46 47 48 49 50 51 52 53 54 55 56 57 58 59 60 61 62 63 64 65 66 67 68 69 70 71 72 73 74 75 76 77 78 79 80 81 82 83 84 85 86 87 88 89 90 91 92 93 94 95 96 97 98 99 100 101 102 103 104 105 106 107 108 109 110 111 112 113 114 115 116 117 118 119 120 121 122 123 124 125 126 127 128 129 130 131 132 133 134 135 136 137 138 139 140 141 142 143 144 145 146 147 148 149 150 151 152 153 154 155 156 157 158 159 160 161 162 
WATER-1
14
-2147483647
48 1 16 5 0 1 0 -1 -1 3017 1 -1879048189 163 3017 
0
_M13
0
2
0
1
SHELLS-1
2
2 82 
0
_M14
0
2
0
1
SHELLS-1
2
2 82 
0
3
SHELLS-1
2
 P       2
0
2
161
2 3 4 5 6 7 8 9 10 11 12 13 14 15 16 17 18 19 20 21 22 23 24 25 26 27 28 29 30 31 32 33 34 35 36 37 38 39 40 41 42 43 44 45 46 47 48 49 50 51 52 53 54 55 56 57 58 59 60 61 62 63 64 65 66 67 68 69 70 71 72 73 74 75 76 77 78 79 80 81 82 83 84 85 86 87 88 89 90 91 92 93 94 95 96 97 98 99 100 101 102 103 104 105 106 107 108 109 110 111 112 113 114 115 116 117 118 119 120 121 122 123 124 125 126 127 128 129 130 131 132 133 134 135 136 137 138 139 140 141 142 143 144 145 146 147 148 149 150 151 152 153 154 155 156 157 158 159 160 161 162 
0
0
QA_TEST
0
1
1
2 
0
0
0
DUMMY
3
 P       1
0
2
1
1 
0
0
ANALYTIC
0
1
1
1 
0
0
_PICKEDSET4
0
2
1
1 
0
0
0
WATER-1
2
 P       3
0
2
14
-2147483647
48 1 16 5 0 1 0 -1 -1 3017 1 -1879048189 163 3017 
0
0
QA_TEST
0
1
1
163 
0
0
0
0
2
SHELLS_INTERIOR
0
0
0
1
SHELLS-1
0
0
1
SNEG
80
2 3 4 5 6 7 8 9 10 11 12 13 14 15 16 17 18 19 20 21 22 23 24 25 26 27 28 29 30 31 32 33 34 35 36 37 38 39 40 41 42 43 44 45 46 47 48 49 50 51 52 53 54 55 56 57 58 59 60 61 62 63 64 65 66 67 68 69 70 71 72 73 74 75 76 77 78 79 80 81 
WATER_EXTERIOR
0
0
0
1
WATER-1
0
0
3
S2
1
145 
S3
49
83 104 108 110 113 115 126 130 133 146 147 148 155 156 159 163 172 173 174 180 181 182 183 194 198 199 205 219 226 229 235 237 239 242 245 248 251 253 256 259 262 265 268 271 274 276 278 284 287 
S1
22
86 91 96 105 136 139 152 154 158 160 161 162 164 165 167 170 171 175 176 184 187 190 
